<?xml version="1.0" encoding="UTF-8"?>
<!-- Generated by org.testng.reporters.JUnitReportReporter -->
<testsuite hostname="DESKTOP-IKAR8UA" failures="0" tests="1" name="cucumberOptions.TestRunner" time="51.482" errors="0" timestamp="2021-09-13T12:55:28 IST" skipped="0">
  <testcase classname="cucumberOptions.TestRunner" name="runScenario" time="51.482"/>
  <system-out/>
</testsuite> <!-- cucumberOptions.TestRunner -->
