<?xml version="1.0" encoding="UTF-8"?>
<!-- Generated by org.testng.reporters.JUnitReportReporter -->
<testsuite hostname="DESKTOP-IKAR8UA" failures="0" tests="1" name="Academy.E2EProject.ValidateTitle" time="0.028" errors="0" timestamp="2021-08-30T19:43:14 IST" skipped="0">
  <testcase classname="Academy.E2EProject.ValidateTitle" name="ValidateTitle" time="0.028"/>
  <system-out/>
</testsuite> <!-- Academy.E2EProject.ValidateTitle -->
