<?xml version="1.0" encoding="UTF-8"?>
<!-- Generated by org.testng.reporters.JUnitReportReporter -->
<testsuite hostname="DESKTOP-IKAR8UA" failures="0" tests="1" name="Academy.E2EProject.ValidateNav" time="0.059" errors="0" timestamp="2021-08-24T20:41:00 IST" skipped="0">
  <testcase classname="Academy.E2EProject.ValidateNav" name="Validate" time="0.059"/>
  <system-out/>
</testsuite> <!-- Academy.E2EProject.ValidateNav -->
