<?xml version="1.0" encoding="UTF-8"?>
<!-- Generated by org.testng.reporters.JUnitReportReporter -->
<testsuite hostname="DESKTOP-IKAR8UA" failures="0" tests="2" name="Academy.E2EProject.HomePage" time="8.339" errors="0" timestamp="2021-08-24T20:41:00 IST" skipped="0">
  <testcase classname="Academy.E2EProject.HomePage" name="Validate" time="3.838"/>
  <system-out/>
  <testcase classname="Academy.E2EProject.HomePage" name="Validate" time="4.501"/>
  <system-out/>
</testsuite> <!-- Academy.E2EProject.HomePage -->
